0 info it worked if it ends with ok
1 verbose cli [ 'D:\\program files\\node\\\\node.exe',
1 verbose cli   'D:\\program files\\node\\node_modules\\npm\\bin\\npm-cli.js',
1 verbose cli   'install' ]
2 info using npm@2.10.1
3 info using node@v0.12.4
4 verbose readDependencies loading dependencies from E:\demo\Mihawk\package.json
5 verbose install where, deps [ 'E:\\demo\\Mihawk',
5 verbose install   [ 'async',
5 verbose install     'body-parser',
5 verbose install     'cookie-parser',
5 verbose install     'express',
5 verbose install     'express.io',
5 verbose install     'errorhandler',
5 verbose install     'jade',
5 verbose install     'mongoose',
5 verbose install     'morgan',
5 verbose install     'socket.io',
5 verbose install     'serve-favicon',
5 verbose install     'bower-traceur-runtime',
5 verbose install     'store.js',
5 verbose install     'systemjs',
5 verbose install     'gulp',
5 verbose install     'gulp-concat',
5 verbose install     'gulp-uglify',
5 verbose install     'gulp-jshint',
5 verbose install     'gulp-header',
5 verbose install     'gulp-footer',
5 verbose install     'gulp-handlebars',
5 verbose install     'gulp-open',
5 verbose install     'gulp-rename',
5 verbose install     'gulp-livereload',
5 verbose install     'gulp-less',
5 verbose install     'gulp-copy',
5 verbose install     'gulp-nodemon',
5 verbose install     'markdown' ] ]
6 verbose install where, peers [ 'E:\\demo\\Mihawk', [] ]
7 verbose installManyTop reading for lifecycle E:\demo\Mihawk\package.json
8 info preinstall app.js@0.0.1
9 verbose installManyTop reading scoped package data from E:\demo\Mihawk\node_modules\async\package.json
10 verbose installManyTop reading scoped package data from E:\demo\Mihawk\node_modules\body-parser\package.json
11 verbose installManyTop reading scoped package data from E:\demo\Mihawk\node_modules\cookie-parser\package.json
12 verbose installManyTop reading scoped package data from E:\demo\Mihawk\node_modules\errorhandler\package.json
13 verbose installManyTop reading scoped package data from E:\demo\Mihawk\node_modules\express\package.json
14 verbose installManyTop reading scoped package data from E:\demo\Mihawk\node_modules\express.io\package.json
15 verbose installManyTop reading scoped package data from E:\demo\Mihawk\node_modules\gulp\package.json
16 verbose installManyTop reading scoped package data from E:\demo\Mihawk\node_modules\gulp-concat\package.json
17 verbose installManyTop reading scoped package data from E:\demo\Mihawk\node_modules\gulp-copy\package.json
18 verbose installManyTop reading scoped package data from E:\demo\Mihawk\node_modules\gulp-footer\package.json
19 verbose installManyTop reading scoped package data from E:\demo\Mihawk\node_modules\gulp-handlebars\package.json
20 verbose installManyTop reading scoped package data from E:\demo\Mihawk\node_modules\gulp-header\package.json
21 verbose installManyTop reading scoped package data from E:\demo\Mihawk\node_modules\gulp-jshint\package.json
22 verbose installManyTop reading scoped package data from E:\demo\Mihawk\node_modules\gulp-less\package.json
23 verbose installManyTop reading scoped package data from E:\demo\Mihawk\node_modules\gulp-livereload\package.json
24 verbose installManyTop reading scoped package data from E:\demo\Mihawk\node_modules\gulp-nodemon\package.json
25 verbose installManyTop reading scoped package data from E:\demo\Mihawk\node_modules\gulp-open\package.json
26 verbose installManyTop reading scoped package data from E:\demo\Mihawk\node_modules\gulp-rename\package.json
27 verbose installManyTop reading scoped package data from E:\demo\Mihawk\node_modules\gulp-uglify\package.json
28 verbose installManyTop reading scoped package data from E:\demo\Mihawk\node_modules\jade\package.json
29 verbose installManyTop reading scoped package data from E:\demo\Mihawk\node_modules\markdown\package.json
30 verbose installManyTop reading scoped package data from E:\demo\Mihawk\node_modules\mongoose\package.json
31 verbose installManyTop reading scoped package data from E:\demo\Mihawk\node_modules\morgan\package.json
32 verbose installManyTop reading scoped package data from E:\demo\Mihawk\node_modules\serve-favicon\package.json
33 verbose installManyTop reading scoped package data from E:\demo\Mihawk\node_modules\socket.io\package.json
34 info package.json express.io@1.1.13 No license field.
35 info package.json markdown@0.5.0 No license field.
36 info package.json socket.io@1.3.6 No license field.
37 info package.json gulp-copy@0.0.2 No license field.
38 info package.json gulp-rename@1.2.2 No license field.
39 verbose readDependencies loading dependencies from E:\demo\Mihawk\package.json
40 verbose targetResolver reading package data from E:\demo\Mihawk\node_modules\async\package.json
41 verbose targetResolver reading package data from E:\demo\Mihawk\node_modules\body-parser\package.json
42 verbose targetResolver reading package data from E:\demo\Mihawk\node_modules\cookie-parser\package.json
43 verbose targetResolver reading package data from E:\demo\Mihawk\node_modules\errorhandler\package.json
44 verbose targetResolver reading package data from E:\demo\Mihawk\node_modules\express\package.json
45 verbose targetResolver reading package data from E:\demo\Mihawk\node_modules\express.io\package.json
46 verbose targetResolver reading package data from E:\demo\Mihawk\node_modules\gulp\package.json
47 verbose targetResolver reading package data from E:\demo\Mihawk\node_modules\gulp-concat\package.json
48 verbose targetResolver reading package data from E:\demo\Mihawk\node_modules\gulp-copy\package.json
49 verbose targetResolver reading package data from E:\demo\Mihawk\node_modules\gulp-footer\package.json
50 verbose targetResolver reading package data from E:\demo\Mihawk\node_modules\gulp-handlebars\package.json
51 verbose targetResolver reading package data from E:\demo\Mihawk\node_modules\gulp-header\package.json
52 verbose targetResolver reading package data from E:\demo\Mihawk\node_modules\gulp-jshint\package.json
53 verbose targetResolver reading package data from E:\demo\Mihawk\node_modules\gulp-less\package.json
54 verbose targetResolver reading package data from E:\demo\Mihawk\node_modules\gulp-livereload\package.json
55 verbose targetResolver reading package data from E:\demo\Mihawk\node_modules\gulp-nodemon\package.json
56 verbose targetResolver reading package data from E:\demo\Mihawk\node_modules\gulp-open\package.json
57 verbose targetResolver reading package data from E:\demo\Mihawk\node_modules\gulp-rename\package.json
58 verbose targetResolver reading package data from E:\demo\Mihawk\node_modules\gulp-uglify\package.json
59 verbose targetResolver reading package data from E:\demo\Mihawk\node_modules\jade\package.json
60 verbose targetResolver reading package data from E:\demo\Mihawk\node_modules\markdown\package.json
61 verbose targetResolver reading package data from E:\demo\Mihawk\node_modules\mongoose\package.json
62 verbose targetResolver reading package data from E:\demo\Mihawk\node_modules\morgan\package.json
63 verbose targetResolver reading package data from E:\demo\Mihawk\node_modules\serve-favicon\package.json
64 verbose targetResolver reading package data from E:\demo\Mihawk\node_modules\socket.io\package.json
65 verbose targetResolver reading package data from E:\demo\Mihawk\node_modules\.bin\gulp\package.json
66 verbose targetResolver reading package data from E:\demo\Mihawk\node_modules\.bin\gulp.cmd\package.json
67 verbose targetResolver reading package data from E:\demo\Mihawk\node_modules\.bin\jade\package.json
68 verbose targetResolver reading package data from E:\demo\Mihawk\node_modules\.bin\jade.cmd\package.json
69 verbose targetResolver reading package data from E:\demo\Mihawk\node_modules\.bin\md2html\package.json
70 verbose targetResolver reading package data from E:\demo\Mihawk\node_modules\.bin\md2html.cmd\package.json
71 silly cache add args [ 'cookie-parser@latest', null ]
72 verbose cache add spec cookie-parser@latest
73 silly cache add args [ 'express@latest', null ]
74 verbose cache add spec express@latest
75 verbose already installed skipping express.io@* E:\demo\Mihawk
76 silly cache add parsed spec { raw: 'cookie-parser@latest',
76 silly cache add   scope: null,
76 silly cache add   name: 'cookie-parser',
76 silly cache add   rawSpec: 'latest',
76 silly cache add   spec: 'latest',
76 silly cache add   type: 'tag' }
77 silly addNamed cookie-parser@latest
78 verbose addNamed "latest" is being treated as a dist-tag for cookie-parser
79 info addNameTag [ 'cookie-parser', 'latest' ]
80 silly mapToRegistry name cookie-parser
81 silly mapToRegistry using default registry
82 silly mapToRegistry registry https://registry.npmjs.org/
83 silly mapToRegistry uri https://registry.npmjs.org/cookie-parser
84 verbose addNameTag registry:https://registry.npmjs.org/cookie-parser not in flight; fetching
85 silly cache add parsed spec { raw: 'express@latest',
85 silly cache add   scope: null,
85 silly cache add   name: 'express',
85 silly cache add   rawSpec: 'latest',
85 silly cache add   spec: 'latest',
85 silly cache add   type: 'tag' }
86 silly addNamed express@latest
87 verbose addNamed "latest" is being treated as a dist-tag for express
88 info addNameTag [ 'express', 'latest' ]
89 silly mapToRegistry name express
90 silly mapToRegistry using default registry
91 silly mapToRegistry registry https://registry.npmjs.org/
92 silly mapToRegistry uri https://registry.npmjs.org/express
93 verbose addNameTag registry:https://registry.npmjs.org/express not in flight; fetching
94 silly cache add args [ 'errorhandler@latest', null ]
95 verbose cache add spec errorhandler@latest
96 silly cache add parsed spec { raw: 'errorhandler@latest',
96 silly cache add   scope: null,
96 silly cache add   name: 'errorhandler',
96 silly cache add   rawSpec: 'latest',
96 silly cache add   spec: 'latest',
96 silly cache add   type: 'tag' }
97 silly addNamed errorhandler@latest
98 verbose addNamed "latest" is being treated as a dist-tag for errorhandler
99 info addNameTag [ 'errorhandler', 'latest' ]
100 silly mapToRegistry name errorhandler
101 silly mapToRegistry using default registry
102 silly mapToRegistry registry https://registry.npmjs.org/
103 silly mapToRegistry uri https://registry.npmjs.org/errorhandler
104 verbose addNameTag registry:https://registry.npmjs.org/errorhandler not in flight; fetching
105 verbose request uri https://registry.npmjs.org/cookie-parser
106 verbose request no auth needed
107 info attempt registry request try #1 at 11:23:51
108 verbose request id 5a1aac7acbe2e672
109 verbose etag "2USUFB3Q5L45U4PYFXDNGAZBC"
110 http request GET https://registry.npmjs.org/cookie-parser
111 silly cache add args [ 'jade@latest', null ]
112 verbose cache add spec jade@latest
113 silly cache add args [ 'mongoose@latest', null ]
114 verbose cache add spec mongoose@latest
115 silly cache add args [ 'morgan@latest', null ]
116 verbose cache add spec morgan@latest
117 verbose already installed skipping socket.io@* E:\demo\Mihawk
118 silly cache add args [ 'serve-favicon@latest', null ]
119 verbose cache add spec serve-favicon@latest
120 silly cache add args [ 'bower-traceur-runtime@git://github.com/jmcriffey/bower-traceur-runtime.git#0.0.87',
120 silly cache add   null ]
121 verbose cache add spec bower-traceur-runtime@git://github.com/jmcriffey/bower-traceur-runtime.git#0.0.87
122 silly cache add args [ 'store.js@^1.0.4', null ]
123 verbose cache add spec store.js@^1.0.4
124 silly cache add parsed spec { raw: 'store.js@^1.0.4',
124 silly cache add   scope: null,
124 silly cache add   name: 'store.js',
124 silly cache add   rawSpec: '^1.0.4',
124 silly cache add   spec: '>=1.0.4 <2.0.0',
124 silly cache add   type: 'range' }
125 silly addNamed store.js@>=1.0.4 <2.0.0
126 verbose addNamed ">=1.0.4 <2.0.0" is a valid semver range for store.js
127 silly addNameRange { name: 'store.js', range: '>=1.0.4 <2.0.0', hasData: false }
128 silly mapToRegistry name store.js
129 silly mapToRegistry using default registry
130 silly mapToRegistry registry https://registry.npmjs.org/
131 silly mapToRegistry uri https://registry.npmjs.org/store.js
132 verbose addNameRange registry:https://registry.npmjs.org/store.js not in flight; fetching
133 silly cache add args [ 'systemjs@^0.16.11', null ]
134 verbose cache add spec systemjs@^0.16.11
135 silly cache add parsed spec { raw: 'systemjs@^0.16.11',
135 silly cache add   scope: null,
135 silly cache add   name: 'systemjs',
135 silly cache add   rawSpec: '^0.16.11',
135 silly cache add   spec: '>=0.16.11 <0.17.0',
135 silly cache add   type: 'range' }
136 silly addNamed systemjs@>=0.16.11 <0.17.0
137 verbose addNamed ">=0.16.11 <0.17.0" is a valid semver range for systemjs
138 silly addNameRange { name: 'systemjs', range: '>=0.16.11 <0.17.0', hasData: false }
139 silly mapToRegistry name systemjs
140 silly mapToRegistry using default registry
141 silly mapToRegistry registry https://registry.npmjs.org/
142 silly mapToRegistry uri https://registry.npmjs.org/systemjs
143 verbose addNameRange registry:https://registry.npmjs.org/systemjs not in flight; fetching
144 silly cache add args [ 'gulp@latest', null ]
145 verbose cache add spec gulp@latest
146 silly cache add args [ 'gulp-concat@latest', null ]
147 verbose cache add spec gulp-concat@latest
148 silly cache add args [ 'gulp-uglify@latest', null ]
149 verbose cache add spec gulp-uglify@latest
150 silly cache add args [ 'gulp-jshint@latest', null ]
151 verbose cache add spec gulp-jshint@latest
152 silly cache add args [ 'gulp-header@latest', null ]
153 verbose cache add spec gulp-header@latest
154 silly cache add args [ 'gulp-footer@latest', null ]
155 verbose cache add spec gulp-footer@latest
156 silly cache add args [ 'gulp-handlebars@latest', null ]
157 verbose cache add spec gulp-handlebars@latest
158 silly cache add args [ 'gulp-open@latest', null ]
159 verbose cache add spec gulp-open@latest
160 silly cache add args [ 'gulp-rename@latest', null ]
161 verbose cache add spec gulp-rename@latest
162 silly cache add args [ 'gulp-livereload@latest', null ]
163 verbose cache add spec gulp-livereload@latest
164 silly cache add parsed spec { raw: 'jade@latest',
164 silly cache add   scope: null,
164 silly cache add   name: 'jade',
164 silly cache add   rawSpec: 'latest',
164 silly cache add   spec: 'latest',
164 silly cache add   type: 'tag' }
165 silly addNamed jade@latest
166 verbose addNamed "latest" is being treated as a dist-tag for jade
167 info addNameTag [ 'jade', 'latest' ]
168 silly mapToRegistry name jade
169 silly mapToRegistry using default registry
170 silly mapToRegistry registry https://registry.npmjs.org/
171 silly mapToRegistry uri https://registry.npmjs.org/jade
172 verbose addNameTag registry:https://registry.npmjs.org/jade not in flight; fetching
173 silly cache add parsed spec { raw: 'mongoose@latest',
173 silly cache add   scope: null,
173 silly cache add   name: 'mongoose',
173 silly cache add   rawSpec: 'latest',
173 silly cache add   spec: 'latest',
173 silly cache add   type: 'tag' }
174 silly addNamed mongoose@latest
175 verbose addNamed "latest" is being treated as a dist-tag for mongoose
176 info addNameTag [ 'mongoose', 'latest' ]
177 silly mapToRegistry name mongoose
178 silly mapToRegistry using default registry
179 silly mapToRegistry registry https://registry.npmjs.org/
180 silly mapToRegistry uri https://registry.npmjs.org/mongoose
181 verbose addNameTag registry:https://registry.npmjs.org/mongoose not in flight; fetching
182 silly cache add parsed spec { raw: 'morgan@latest',
182 silly cache add   scope: null,
182 silly cache add   name: 'morgan',
182 silly cache add   rawSpec: 'latest',
182 silly cache add   spec: 'latest',
182 silly cache add   type: 'tag' }
183 silly addNamed morgan@latest
184 verbose addNamed "latest" is being treated as a dist-tag for morgan
185 info addNameTag [ 'morgan', 'latest' ]
186 silly mapToRegistry name morgan
187 silly mapToRegistry using default registry
188 silly mapToRegistry registry https://registry.npmjs.org/
189 silly mapToRegistry uri https://registry.npmjs.org/morgan
190 verbose addNameTag registry:https://registry.npmjs.org/morgan not in flight; fetching
191 silly cache add parsed spec { raw: 'serve-favicon@latest',
191 silly cache add   scope: null,
191 silly cache add   name: 'serve-favicon',
191 silly cache add   rawSpec: 'latest',
191 silly cache add   spec: 'latest',
191 silly cache add   type: 'tag' }
192 silly addNamed serve-favicon@latest
193 verbose addNamed "latest" is being treated as a dist-tag for serve-favicon
194 info addNameTag [ 'serve-favicon', 'latest' ]
195 silly mapToRegistry name serve-favicon
196 silly mapToRegistry using default registry
197 silly mapToRegistry registry https://registry.npmjs.org/
198 silly mapToRegistry uri https://registry.npmjs.org/serve-favicon
199 verbose addNameTag registry:https://registry.npmjs.org/serve-favicon not in flight; fetching
200 silly cache add parsed spec { raw: 'bower-traceur-runtime@git://github.com/jmcriffey/bower-traceur-runtime.git#0.0.87',
200 silly cache add   scope: null,
200 silly cache add   name: 'bower-traceur-runtime',
200 silly cache add   rawSpec: 'git://github.com/jmcriffey/bower-traceur-runtime.git#0.0.87',
200 silly cache add   spec: 'git://github.com/jmcriffey/bower-traceur-runtime.git#0.0.87',
200 silly cache add   type: 'hosted',
200 silly cache add   hosted:
200 silly cache add    { type: 'github',
200 silly cache add      ssh: 'git@github.com:jmcriffey/bower-traceur-runtime.git#0.0.87',
200 silly cache add      sshUrl: 'git+ssh://git@github.com/jmcriffey/bower-traceur-runtime.git#0.0.87',
200 silly cache add      httpsUrl: 'git+https://github.com/jmcriffey/bower-traceur-runtime.git#0.0.87',
200 silly cache add      gitUrl: 'git://github.com/jmcriffey/bower-traceur-runtime.git#0.0.87',
200 silly cache add      shortcut: 'github:jmcriffey/bower-traceur-runtime#0.0.87',
200 silly cache add      directUrl: 'https://raw.githubusercontent.com/jmcriffey/bower-traceur-runtime/0.0.87/package.json' } }
201 verbose addRemoteGit caching git://github.com/jmcriffey/bower-traceur-runtime.git#0.0.87
202 verbose addRemoteGit git://github.com/jmcriffey/bower-traceur-runtime.git#0.0.87 is a repository hosted by github
203 silly tryClone cloning git://github.com/jmcriffey/bower-traceur-runtime.git#0.0.87 via git://github.com/jmcriffey/bower-traceur-runtime.git#0.0.87
204 verbose tryClone git-github-com-jmcriffey-bower-traceur-runtime-git-fdf2a8d2 not in flight; caching
205 silly cache add parsed spec { raw: 'gulp@latest',
205 silly cache add   scope: null,
205 silly cache add   name: 'gulp',
205 silly cache add   rawSpec: 'latest',
205 silly cache add   spec: 'latest',
205 silly cache add   type: 'tag' }
206 silly addNamed gulp@latest
207 verbose addNamed "latest" is being treated as a dist-tag for gulp
208 info addNameTag [ 'gulp', 'latest' ]
209 silly mapToRegistry name gulp
210 silly mapToRegistry using default registry
211 silly mapToRegistry registry https://registry.npmjs.org/
212 silly mapToRegistry uri https://registry.npmjs.org/gulp
213 verbose addNameTag registry:https://registry.npmjs.org/gulp not in flight; fetching
214 silly cache add parsed spec { raw: 'gulp-concat@latest',
214 silly cache add   scope: null,
214 silly cache add   name: 'gulp-concat',
214 silly cache add   rawSpec: 'latest',
214 silly cache add   spec: 'latest',
214 silly cache add   type: 'tag' }
215 silly addNamed gulp-concat@latest
216 verbose addNamed "latest" is being treated as a dist-tag for gulp-concat
217 info addNameTag [ 'gulp-concat', 'latest' ]
218 silly mapToRegistry name gulp-concat
219 silly mapToRegistry using default registry
220 silly mapToRegistry registry https://registry.npmjs.org/
221 silly mapToRegistry uri https://registry.npmjs.org/gulp-concat
222 verbose addNameTag registry:https://registry.npmjs.org/gulp-concat not in flight; fetching
223 silly cache add parsed spec { raw: 'gulp-uglify@latest',
223 silly cache add   scope: null,
223 silly cache add   name: 'gulp-uglify',
223 silly cache add   rawSpec: 'latest',
223 silly cache add   spec: 'latest',
223 silly cache add   type: 'tag' }
224 silly addNamed gulp-uglify@latest
225 verbose addNamed "latest" is being treated as a dist-tag for gulp-uglify
226 info addNameTag [ 'gulp-uglify', 'latest' ]
227 silly mapToRegistry name gulp-uglify
228 silly mapToRegistry using default registry
229 silly mapToRegistry registry https://registry.npmjs.org/
230 silly mapToRegistry uri https://registry.npmjs.org/gulp-uglify
231 verbose addNameTag registry:https://registry.npmjs.org/gulp-uglify not in flight; fetching
232 silly cache add parsed spec { raw: 'gulp-jshint@latest',
232 silly cache add   scope: null,
232 silly cache add   name: 'gulp-jshint',
232 silly cache add   rawSpec: 'latest',
232 silly cache add   spec: 'latest',
232 silly cache add   type: 'tag' }
233 silly addNamed gulp-jshint@latest
234 verbose addNamed "latest" is being treated as a dist-tag for gulp-jshint
235 info addNameTag [ 'gulp-jshint', 'latest' ]
236 silly mapToRegistry name gulp-jshint
237 silly mapToRegistry using default registry
238 silly mapToRegistry registry https://registry.npmjs.org/
239 silly mapToRegistry uri https://registry.npmjs.org/gulp-jshint
240 verbose addNameTag registry:https://registry.npmjs.org/gulp-jshint not in flight; fetching
241 silly cache add parsed spec { raw: 'gulp-header@latest',
241 silly cache add   scope: null,
241 silly cache add   name: 'gulp-header',
241 silly cache add   rawSpec: 'latest',
241 silly cache add   spec: 'latest',
241 silly cache add   type: 'tag' }
242 silly addNamed gulp-header@latest
243 verbose addNamed "latest" is being treated as a dist-tag for gulp-header
244 info addNameTag [ 'gulp-header', 'latest' ]
245 silly mapToRegistry name gulp-header
246 silly mapToRegistry using default registry
247 silly mapToRegistry registry https://registry.npmjs.org/
248 silly mapToRegistry uri https://registry.npmjs.org/gulp-header
249 verbose addNameTag registry:https://registry.npmjs.org/gulp-header not in flight; fetching
250 silly cache add parsed spec { raw: 'gulp-footer@latest',
250 silly cache add   scope: null,
250 silly cache add   name: 'gulp-footer',
250 silly cache add   rawSpec: 'latest',
250 silly cache add   spec: 'latest',
250 silly cache add   type: 'tag' }
251 silly addNamed gulp-footer@latest
252 verbose addNamed "latest" is being treated as a dist-tag for gulp-footer
253 info addNameTag [ 'gulp-footer', 'latest' ]
254 silly mapToRegistry name gulp-footer
255 silly mapToRegistry using default registry
256 silly mapToRegistry registry https://registry.npmjs.org/
257 silly mapToRegistry uri https://registry.npmjs.org/gulp-footer
258 verbose addNameTag registry:https://registry.npmjs.org/gulp-footer not in flight; fetching
259 silly cache add parsed spec { raw: 'gulp-handlebars@latest',
259 silly cache add   scope: null,
259 silly cache add   name: 'gulp-handlebars',
259 silly cache add   rawSpec: 'latest',
259 silly cache add   spec: 'latest',
259 silly cache add   type: 'tag' }
260 silly addNamed gulp-handlebars@latest
261 verbose addNamed "latest" is being treated as a dist-tag for gulp-handlebars
262 info addNameTag [ 'gulp-handlebars', 'latest' ]
263 silly mapToRegistry name gulp-handlebars
264 silly mapToRegistry using default registry
265 silly mapToRegistry registry https://registry.npmjs.org/
266 silly mapToRegistry uri https://registry.npmjs.org/gulp-handlebars
267 verbose addNameTag registry:https://registry.npmjs.org/gulp-handlebars not in flight; fetching
268 silly cache add parsed spec { raw: 'gulp-open@latest',
268 silly cache add   scope: null,
268 silly cache add   name: 'gulp-open',
268 silly cache add   rawSpec: 'latest',
268 silly cache add   spec: 'latest',
268 silly cache add   type: 'tag' }
269 silly addNamed gulp-open@latest
270 verbose addNamed "latest" is being treated as a dist-tag for gulp-open
271 info addNameTag [ 'gulp-open', 'latest' ]
272 silly mapToRegistry name gulp-open
273 silly mapToRegistry using default registry
274 silly mapToRegistry registry https://registry.npmjs.org/
275 silly mapToRegistry uri https://registry.npmjs.org/gulp-open
276 verbose addNameTag registry:https://registry.npmjs.org/gulp-open not in flight; fetching
277 silly cache add parsed spec { raw: 'gulp-rename@latest',
277 silly cache add   scope: null,
277 silly cache add   name: 'gulp-rename',
277 silly cache add   rawSpec: 'latest',
277 silly cache add   spec: 'latest',
277 silly cache add   type: 'tag' }
278 silly addNamed gulp-rename@latest
279 verbose addNamed "latest" is being treated as a dist-tag for gulp-rename
280 info addNameTag [ 'gulp-rename', 'latest' ]
281 silly mapToRegistry name gulp-rename
282 silly mapToRegistry using default registry
283 silly mapToRegistry registry https://registry.npmjs.org/
284 silly mapToRegistry uri https://registry.npmjs.org/gulp-rename
285 verbose addNameTag registry:https://registry.npmjs.org/gulp-rename not in flight; fetching
286 silly cache add args [ 'gulp-less@latest', null ]
287 verbose cache add spec gulp-less@latest
288 silly cache add args [ 'gulp-copy@latest', null ]
289 verbose cache add spec gulp-copy@latest
290 silly cache add args [ 'gulp-nodemon@latest', null ]
291 verbose cache add spec gulp-nodemon@latest
292 silly cache add args [ 'markdown@latest', null ]
293 verbose cache add spec markdown@latest
294 silly cache add args [ 'async@latest', null ]
295 verbose cache add spec async@latest
296 silly cache add args [ 'body-parser@latest', null ]
297 verbose cache add spec body-parser@latest
298 silly cache add parsed spec { raw: 'gulp-livereload@latest',
298 silly cache add   scope: null,
298 silly cache add   name: 'gulp-livereload',
298 silly cache add   rawSpec: 'latest',
298 silly cache add   spec: 'latest',
298 silly cache add   type: 'tag' }
299 silly addNamed gulp-livereload@latest
300 verbose addNamed "latest" is being treated as a dist-tag for gulp-livereload
301 info addNameTag [ 'gulp-livereload', 'latest' ]
302 silly mapToRegistry name gulp-livereload
303 silly mapToRegistry using default registry
304 silly mapToRegistry registry https://registry.npmjs.org/
305 silly mapToRegistry uri https://registry.npmjs.org/gulp-livereload
306 verbose addNameTag registry:https://registry.npmjs.org/gulp-livereload not in flight; fetching
307 verbose request uri https://registry.npmjs.org/express
308 verbose request no auth needed
309 info attempt registry request try #1 at 11:23:51
310 verbose etag "E5R2E6QNJYKLVFTN2DJ8RZ9OO"
311 http request GET https://registry.npmjs.org/express
312 silly cache add parsed spec { raw: 'gulp-less@latest',
312 silly cache add   scope: null,
312 silly cache add   name: 'gulp-less',
312 silly cache add   rawSpec: 'latest',
312 silly cache add   spec: 'latest',
312 silly cache add   type: 'tag' }
313 silly addNamed gulp-less@latest
314 verbose addNamed "latest" is being treated as a dist-tag for gulp-less
315 info addNameTag [ 'gulp-less', 'latest' ]
316 silly mapToRegistry name gulp-less
317 silly mapToRegistry using default registry
318 silly mapToRegistry registry https://registry.npmjs.org/
319 silly mapToRegistry uri https://registry.npmjs.org/gulp-less
320 verbose addNameTag registry:https://registry.npmjs.org/gulp-less not in flight; fetching
321 silly cache add parsed spec { raw: 'gulp-copy@latest',
321 silly cache add   scope: null,
321 silly cache add   name: 'gulp-copy',
321 silly cache add   rawSpec: 'latest',
321 silly cache add   spec: 'latest',
321 silly cache add   type: 'tag' }
322 silly addNamed gulp-copy@latest
323 verbose addNamed "latest" is being treated as a dist-tag for gulp-copy
324 info addNameTag [ 'gulp-copy', 'latest' ]
325 silly mapToRegistry name gulp-copy
326 silly mapToRegistry using default registry
327 silly mapToRegistry registry https://registry.npmjs.org/
328 silly mapToRegistry uri https://registry.npmjs.org/gulp-copy
329 verbose addNameTag registry:https://registry.npmjs.org/gulp-copy not in flight; fetching
330 silly cache add parsed spec { raw: 'gulp-nodemon@latest',
330 silly cache add   scope: null,
330 silly cache add   name: 'gulp-nodemon',
330 silly cache add   rawSpec: 'latest',
330 silly cache add   spec: 'latest',
330 silly cache add   type: 'tag' }
331 silly addNamed gulp-nodemon@latest
332 verbose addNamed "latest" is being treated as a dist-tag for gulp-nodemon
333 info addNameTag [ 'gulp-nodemon', 'latest' ]
334 silly mapToRegistry name gulp-nodemon
335 silly mapToRegistry using default registry
336 silly mapToRegistry registry https://registry.npmjs.org/
337 silly mapToRegistry uri https://registry.npmjs.org/gulp-nodemon
338 verbose addNameTag registry:https://registry.npmjs.org/gulp-nodemon not in flight; fetching
339 silly cache add parsed spec { raw: 'markdown@latest',
339 silly cache add   scope: null,
339 silly cache add   name: 'markdown',
339 silly cache add   rawSpec: 'latest',
339 silly cache add   spec: 'latest',
339 silly cache add   type: 'tag' }
340 silly addNamed markdown@latest
341 verbose addNamed "latest" is being treated as a dist-tag for markdown
342 info addNameTag [ 'markdown', 'latest' ]
343 silly mapToRegistry name markdown
344 silly mapToRegistry using default registry
345 silly mapToRegistry registry https://registry.npmjs.org/
346 silly mapToRegistry uri https://registry.npmjs.org/markdown
347 verbose addNameTag registry:https://registry.npmjs.org/markdown not in flight; fetching
348 silly cache add parsed spec { raw: 'async@latest',
348 silly cache add   scope: null,
348 silly cache add   name: 'async',
348 silly cache add   rawSpec: 'latest',
348 silly cache add   spec: 'latest',
348 silly cache add   type: 'tag' }
349 silly addNamed async@latest
350 verbose addNamed "latest" is being treated as a dist-tag for async
351 info addNameTag [ 'async', 'latest' ]
352 silly mapToRegistry name async
353 silly mapToRegistry using default registry
354 silly mapToRegistry registry https://registry.npmjs.org/
355 silly mapToRegistry uri https://registry.npmjs.org/async
356 verbose addNameTag registry:https://registry.npmjs.org/async not in flight; fetching
357 silly cache add parsed spec { raw: 'body-parser@latest',
357 silly cache add   scope: null,
357 silly cache add   name: 'body-parser',
357 silly cache add   rawSpec: 'latest',
357 silly cache add   spec: 'latest',
357 silly cache add   type: 'tag' }
358 silly addNamed body-parser@latest
359 verbose addNamed "latest" is being treated as a dist-tag for body-parser
360 info addNameTag [ 'body-parser', 'latest' ]
361 silly mapToRegistry name body-parser
362 silly mapToRegistry using default registry
363 silly mapToRegistry registry https://registry.npmjs.org/
364 silly mapToRegistry uri https://registry.npmjs.org/body-parser
365 verbose addNameTag registry:https://registry.npmjs.org/body-parser not in flight; fetching
366 verbose request uri https://registry.npmjs.org/errorhandler
367 verbose request no auth needed
368 info attempt registry request try #1 at 11:23:51
369 verbose etag "2P3OPF6BBTXOFF020XJL0C64M"
370 http request GET https://registry.npmjs.org/errorhandler
371 verbose request uri https://registry.npmjs.org/store.js
372 verbose request no auth needed
373 info attempt registry request try #1 at 11:23:51
374 verbose etag "6SMIP5QFSUVWJG89AGIQFL28R"
375 http request GET https://registry.npmjs.org/store.js
376 verbose request uri https://registry.npmjs.org/systemjs
377 verbose request no auth needed
378 info attempt registry request try #1 at 11:23:51
379 verbose etag "9S5VXAVBU38E3RIXIRNT3BBUE"
380 http request GET https://registry.npmjs.org/systemjs
381 verbose request uri https://registry.npmjs.org/mongoose
382 verbose request no auth needed
383 info attempt registry request try #1 at 11:23:51
384 verbose etag "57OQ7B5XD1IXTNMTZE906BUZN"
385 http request GET https://registry.npmjs.org/mongoose
386 verbose request uri https://registry.npmjs.org/serve-favicon
387 verbose request no auth needed
388 info attempt registry request try #1 at 11:23:51
389 verbose etag "25B4APJK71DP5RHJ9E4IZ3KS4"
390 http request GET https://registry.npmjs.org/serve-favicon
391 verbose request uri https://registry.npmjs.org/gulp-concat
392 verbose request no auth needed
393 info attempt registry request try #1 at 11:23:51
394 verbose etag "EITMH451LUJG0D1111QS3IXJA"
395 http request GET https://registry.npmjs.org/gulp-concat
396 verbose request uri https://registry.npmjs.org/gulp
397 verbose request no auth needed
398 info attempt registry request try #1 at 11:23:51
399 verbose etag "7VSNC2DN718IDAZ8BPWPE4LQC"
400 http request GET https://registry.npmjs.org/gulp
401 verbose request uri https://registry.npmjs.org/gulp-footer
402 verbose request no auth needed
403 info attempt registry request try #1 at 11:23:51
404 verbose etag "25RC48LWSC9P7G8TX5108XEKE"
405 http request GET https://registry.npmjs.org/gulp-footer
406 verbose request uri https://registry.npmjs.org/gulp-uglify
407 verbose request no auth needed
408 info attempt registry request try #1 at 11:23:51
409 verbose etag "C99MKLI5CBWJFYIMSXQDIOFEI"
410 http request GET https://registry.npmjs.org/gulp-uglify
411 verbose request uri https://registry.npmjs.org/gulp-header
412 verbose request no auth needed
413 info attempt registry request try #1 at 11:23:51
414 verbose etag "AKBMINKET2EIEDI1MI2I9M4W0"
415 http request GET https://registry.npmjs.org/gulp-header
416 verbose request uri https://registry.npmjs.org/jade
417 verbose request no auth needed
418 info attempt registry request try #1 at 11:23:51
419 verbose etag "BPV74BB9P72Z3MOMIT564BY7M"
420 http request GET https://registry.npmjs.org/jade
421 verbose request uri https://registry.npmjs.org/gulp-jshint
422 verbose request no auth needed
423 info attempt registry request try #1 at 11:23:51
424 verbose etag "8RHDLGHN30W8IHY4CZXWCN6PQ"
425 http request GET https://registry.npmjs.org/gulp-jshint
426 verbose request uri https://registry.npmjs.org/gulp-handlebars
427 verbose request no auth needed
428 info attempt registry request try #1 at 11:23:51
429 verbose etag "7XBV2RKNQLVWG3FRHANP3GW5V"
430 http request GET https://registry.npmjs.org/gulp-handlebars
431 verbose request uri https://registry.npmjs.org/gulp-rename
432 verbose request no auth needed
433 info attempt registry request try #1 at 11:23:51
434 verbose etag "DS6SXX6QS2NG4T4MAAF3K576I"
435 http request GET https://registry.npmjs.org/gulp-rename
436 verbose request uri https://registry.npmjs.org/gulp-open
437 verbose request no auth needed
438 info attempt registry request try #1 at 11:23:51
439 verbose etag "D1QRR1KBCZJWUKVVBVPFL60O3"
440 http request GET https://registry.npmjs.org/gulp-open
441 verbose request uri https://registry.npmjs.org/morgan
442 verbose request no auth needed
443 info attempt registry request try #1 at 11:23:51
444 verbose etag "AHH6UYHQK1MK94ETWII6NCLWP"
445 http request GET https://registry.npmjs.org/morgan
446 verbose request uri https://registry.npmjs.org/gulp-livereload
447 verbose request no auth needed
448 info attempt registry request try #1 at 11:23:51
449 verbose etag "70H6KXUWERGFAGL7Q95H274T8"
450 http request GET https://registry.npmjs.org/gulp-livereload
451 verbose request uri https://registry.npmjs.org/gulp-less
452 verbose request no auth needed
453 info attempt registry request try #1 at 11:23:51
454 verbose etag "2M7GHIU2UJYX1PRRWDV04QDH7"
455 http request GET https://registry.npmjs.org/gulp-less
456 verbose request uri https://registry.npmjs.org/gulp-copy
457 verbose request no auth needed
458 info attempt registry request try #1 at 11:23:51
459 verbose etag "ESXQT9LX20N4IKI3PGLJW3AZY"
460 http request GET https://registry.npmjs.org/gulp-copy
461 verbose request uri https://registry.npmjs.org/async
462 verbose request no auth needed
463 info attempt registry request try #1 at 11:23:51
464 verbose etag "2OU576Q8TECE6W561J9M2OF3B"
465 http request GET https://registry.npmjs.org/async
466 verbose request uri https://registry.npmjs.org/gulp-nodemon
467 verbose request no auth needed
468 info attempt registry request try #1 at 11:23:51
469 verbose etag "8XKVC7LB0T8Z8LM9BC9I7VBHU"
470 http request GET https://registry.npmjs.org/gulp-nodemon
471 verbose request uri https://registry.npmjs.org/markdown
472 verbose request no auth needed
473 info attempt registry request try #1 at 11:23:51
474 verbose etag "6G648DG9MXP5LVJ26FLTSGDVH"
475 http request GET https://registry.npmjs.org/markdown
476 verbose request uri https://registry.npmjs.org/body-parser
477 verbose request no auth needed
478 info attempt registry request try #1 at 11:23:51
479 verbose etag "CD3SUFXCMHKLDXKWCQRCN5F38"
480 http request GET https://registry.npmjs.org/body-parser
481 warn addRemoteGit Error: not found: git
481 warn addRemoteGit     at F (D:\program files\node\node_modules\npm\node_modules\which\which.js:72:28)
481 warn addRemoteGit     at E (D:\program files\node\node_modules\npm\node_modules\which\which.js:75:29)
481 warn addRemoteGit     at D:\program files\node\node_modules\npm\node_modules\which\which.js:83:16
481 warn addRemoteGit     at FSReqWrap.oncomplete (fs.js:95:15)
481 warn addRemoteGit  git://github.com/jmcriffey/bower-traceur-runtime.git#0.0.87 resetting remote C:\Users\Administrator\AppData\Roaming\npm-cache\_git-remotes\git-github-com-jmcriffey-bower-traceur-runtime-git-fdf2a8d2 because of error: { [Error: not found: git] code: 'ENOGIT' }
482 info resetRemote resetting C:\Users\Administrator\AppData\Roaming\npm-cache\_git-remotes\git-github-com-jmcriffey-bower-traceur-runtime-git-fdf2a8d2 for git://github.com/jmcriffey/bower-traceur-runtime.git#0.0.87
483 silly gentlyRm C:\Users\Administrator\AppData\Roaming\npm-cache\_git-remotes\git-github-com-jmcriffey-bower-traceur-runtime-git-fdf2a8d2 is being purged
484 verbose gentlyRm don't care about contents; nuking C:\Users\Administrator\AppData\Roaming\npm-cache\_git-remotes\git-github-com-jmcriffey-bower-traceur-runtime-git-fdf2a8d2
485 silly vacuum-fs purging C:\Users\Administrator\AppData\Roaming\npm-cache\_git-remotes\git-github-com-jmcriffey-bower-traceur-runtime-git-fdf2a8d2
486 silly vacuum-fs quitting because other entries in C:\Users\Administrator\AppData\Roaming\npm-cache\_git-remotes
487 error git clone --template=C:\Users\Administrator\AppData\Roaming\npm-cache\_git-remotes\_templates --mirror git://github.com/jmcriffey/bower-traceur-runtime.git C:\Users\Administrator\AppData\Roaming\npm-cache\_git-remotes\git-github-com-jmcriffey-bower-traceur-runtime-git-fdf2a8d2: undefined
487 error git clone --template=C:\Users\Administrator\AppData\Roaming\npm-cache\_git-remotes\_templates --mirror git://github.com/jmcriffey/bower-traceur-runtime.git C:\Users\Administrator\AppData\Roaming\npm-cache\_git-remotes\git-github-com-jmcriffey-bower-traceur-runtime-git-fdf2a8d2: undefined
488 http 304 https://registry.npmjs.org/express
489 silly get cb [ 304,
489 silly get   { date: 'Wed, 19 Aug 2015 03:23:54 GMT',
489 silly get     via: '1.1 varnish',
489 silly get     'cache-control': 'max-age=60',
489 silly get     etag: '"E5R2E6QNJYKLVFTN2DJ8RZ9OO"',
489 silly get     age: '39',
489 silly get     connection: 'keep-alive',
489 silly get     'x-served-by': 'cache-itm7425-ITM',
489 silly get     'x-cache': 'HIT',
489 silly get     'x-cache-hits': '1',
489 silly get     'x-timer': 'S1439954634.816662,VS0,VE1',
489 silly get     vary: 'Accept' } ]
490 verbose etag https://registry.npmjs.org/express from cache
491 verbose get saving express to C:\Users\Administrator\AppData\Roaming\npm-cache\registry.npmjs.org\express\.cache.json
492 http 304 https://registry.npmjs.org/systemjs
493 silly get cb [ 304,
493 silly get   { date: 'Wed, 19 Aug 2015 03:23:54 GMT',
493 silly get     via: '1.1 varnish',
493 silly get     'cache-control': 'max-age=60',
493 silly get     etag: '"9S5VXAVBU38E3RIXIRNT3BBUE"',
493 silly get     age: '39',
493 silly get     connection: 'keep-alive',
493 silly get     'x-served-by': 'cache-itm7420-ITM',
493 silly get     'x-cache': 'HIT',
493 silly get     'x-cache-hits': '1',
493 silly get     'x-timer': 'S1439954634.818461,VS0,VE0',
493 silly get     vary: 'Accept' } ]
494 verbose etag https://registry.npmjs.org/systemjs from cache
495 verbose get saving systemjs to C:\Users\Administrator\AppData\Roaming\npm-cache\registry.npmjs.org\systemjs\.cache.json
496 http 304 https://registry.npmjs.org/gulp
497 silly get cb [ 304,
497 silly get   { date: 'Wed, 19 Aug 2015 03:23:54 GMT',
497 silly get     via: '1.1 varnish',
497 silly get     'cache-control': 'max-age=60',
497 silly get     etag: '"7VSNC2DN718IDAZ8BPWPE4LQC"',
497 silly get     age: '2',
497 silly get     connection: 'keep-alive',
497 silly get     'x-served-by': 'cache-itm7424-ITM',
497 silly get     'x-cache': 'HIT',
497 silly get     'x-cache-hits': '1',
497 silly get     'x-timer': 'S1439954634.820434,VS0,VE1',
497 silly get     vary: 'Accept' } ]
498 verbose etag https://registry.npmjs.org/gulp from cache
499 verbose get saving gulp to C:\Users\Administrator\AppData\Roaming\npm-cache\registry.npmjs.org\gulp\.cache.json
500 http 304 https://registry.npmjs.org/gulp-livereload
501 silly get cb [ 304,
501 silly get   { date: 'Wed, 19 Aug 2015 03:23:54 GMT',
501 silly get     via: '1.1 varnish',
501 silly get     'cache-control': 'max-age=60',
501 silly get     etag: '"70H6KXUWERGFAGL7Q95H274T8"',
501 silly get     age: '39',
501 silly get     connection: 'keep-alive',
501 silly get     'x-served-by': 'cache-itm7425-ITM',
501 silly get     'x-cache': 'HIT',
501 silly get     'x-cache-hits': '1',
501 silly get     'x-timer': 'S1439954634.830793,VS0,VE0',
501 silly get     vary: 'Accept' } ]
502 verbose etag https://registry.npmjs.org/gulp-livereload from cache
503 verbose get saving gulp-livereload to C:\Users\Administrator\AppData\Roaming\npm-cache\registry.npmjs.org\gulp-livereload\.cache.json
504 http 304 https://registry.npmjs.org/gulp-concat
505 silly get cb [ 304,
505 silly get   { date: 'Wed, 19 Aug 2015 03:23:54 GMT',
505 silly get     via: '1.1 varnish',
505 silly get     'cache-control': 'max-age=60',
505 silly get     etag: '"EITMH451LUJG0D1111QS3IXJA"',
505 silly get     age: '39',
505 silly get     connection: 'keep-alive',
505 silly get     'x-served-by': 'cache-itm7422-ITM',
505 silly get     'x-cache': 'HIT',
505 silly get     'x-cache-hits': '2',
505 silly get     'x-timer': 'S1439954634.840351,VS0,VE0',
505 silly get     vary: 'Accept' } ]
506 verbose etag https://registry.npmjs.org/gulp-concat from cache
507 verbose get saving gulp-concat to C:\Users\Administrator\AppData\Roaming\npm-cache\registry.npmjs.org\gulp-concat\.cache.json
508 http 304 https://registry.npmjs.org/gulp-open
509 silly get cb [ 304,
509 silly get   { date: 'Wed, 19 Aug 2015 03:23:54 GMT',
509 silly get     via: '1.1 varnish',
509 silly get     'cache-control': 'max-age=60',
509 silly get     etag: '"D1QRR1KBCZJWUKVVBVPFL60O3"',
509 silly get     age: '39',
509 silly get     connection: 'keep-alive',
509 silly get     'x-served-by': 'cache-itm7421-ITM',
509 silly get     'x-cache': 'HIT',
509 silly get     'x-cache-hits': '1',
509 silly get     'x-timer': 'S1439954634.839867,VS0,VE0',
509 silly get     vary: 'Accept' } ]
510 verbose etag https://registry.npmjs.org/gulp-open from cache
511 verbose get saving gulp-open to C:\Users\Administrator\AppData\Roaming\npm-cache\registry.npmjs.org\gulp-open\.cache.json
512 http 304 https://registry.npmjs.org/gulp-rename
513 silly get cb [ 304,
513 silly get   { date: 'Wed, 19 Aug 2015 03:23:54 GMT',
513 silly get     via: '1.1 varnish',
513 silly get     'cache-control': 'max-age=60',
513 silly get     etag: '"DS6SXX6QS2NG4T4MAAF3K576I"',
513 silly get     age: '2',
513 silly get     connection: 'keep-alive',
513 silly get     'x-served-by': 'cache-itm7424-ITM',
513 silly get     'x-cache': 'HIT',
513 silly get     'x-cache-hits': '5',
513 silly get     'x-timer': 'S1439954634.846203,VS0,VE0',
513 silly get     vary: 'Accept' } ]
514 verbose etag https://registry.npmjs.org/gulp-rename from cache
515 verbose get saving gulp-rename to C:\Users\Administrator\AppData\Roaming\npm-cache\registry.npmjs.org\gulp-rename\.cache.json
516 http 304 https://registry.npmjs.org/gulp-jshint
517 silly get cb [ 304,
517 silly get   { date: 'Wed, 19 Aug 2015 03:23:54 GMT',
517 silly get     via: '1.1 varnish',
517 silly get     'cache-control': 'max-age=60',
517 silly get     etag: '"8RHDLGHN30W8IHY4CZXWCN6PQ"',
517 silly get     age: '39',
517 silly get     connection: 'keep-alive',
517 silly get     'x-served-by': 'cache-itm7422-ITM',
517 silly get     'x-cache': 'HIT',
517 silly get     'x-cache-hits': '1',
517 silly get     'x-timer': 'S1439954634.852249,VS0,VE0',
517 silly get     vary: 'Accept' } ]
518 verbose etag https://registry.npmjs.org/gulp-jshint from cache
519 verbose get saving gulp-jshint to C:\Users\Administrator\AppData\Roaming\npm-cache\registry.npmjs.org\gulp-jshint\.cache.json
520 http 304 https://registry.npmjs.org/morgan
521 silly get cb [ 304,
521 silly get   { date: 'Wed, 19 Aug 2015 03:23:54 GMT',
521 silly get     via: '1.1 varnish',
521 silly get     'cache-control': 'max-age=60',
521 silly get     etag: '"AHH6UYHQK1MK94ETWII6NCLWP"',
521 silly get     age: '28',
521 silly get     connection: 'keep-alive',
521 silly get     'x-served-by': 'cache-itm7427-ITM',
521 silly get     'x-cache': 'HIT',
521 silly get     'x-cache-hits': '1',
521 silly get     'x-timer': 'S1439954634.853579,VS0,VE0',
521 silly get     vary: 'Accept' } ]
522 verbose etag https://registry.npmjs.org/morgan from cache
523 verbose get saving morgan to C:\Users\Administrator\AppData\Roaming\npm-cache\registry.npmjs.org\morgan\.cache.json
524 http 304 https://registry.npmjs.org/gulp-handlebars
525 silly get cb [ 304,
525 silly get   { date: 'Wed, 19 Aug 2015 03:23:54 GMT',
525 silly get     via: '1.1 varnish',
525 silly get     'cache-control': 'max-age=60',
525 silly get     etag: '"7XBV2RKNQLVWG3FRHANP3GW5V"',
525 silly get     age: '39',
525 silly get     connection: 'keep-alive',
525 silly get     'x-served-by': 'cache-itm7427-ITM',
525 silly get     'x-cache': 'HIT',
525 silly get     'x-cache-hits': '1',
525 silly get     'x-timer': 'S1439954634.849759,VS0,VE0',
525 silly get     vary: 'Accept' } ]
526 verbose etag https://registry.npmjs.org/gulp-handlebars from cache
527 verbose get saving gulp-handlebars to C:\Users\Administrator\AppData\Roaming\npm-cache\registry.npmjs.org\gulp-handlebars\.cache.json
528 silly addNameTag next cb for express with tag latest
529 silly addNamed express@4.13.3
530 verbose addNamed "4.13.3" is a plain semver version for express
531 silly addNameRange number 2 { name: 'systemjs', range: '>=0.16.11 <0.17.0', hasData: true }
532 silly addNameRange versions [ 'systemjs',
532 silly addNameRange   [ '0.4.0',
532 silly addNameRange     '0.4.1',
532 silly addNameRange     '0.4.2',
532 silly addNameRange     '0.4.3',
532 silly addNameRange     '0.5.0',
532 silly addNameRange     '0.5.1',
532 silly addNameRange     '0.5.2',
532 silly addNameRange     '0.5.5',
532 silly addNameRange     '0.6.0',
532 silly addNameRange     '0.6.1',
532 silly addNameRange     '0.6.2',
532 silly addNameRange     '0.6.3',
532 silly addNameRange     '0.6.4',
532 silly addNameRange     '0.6.5',
532 silly addNameRange     '0.6.6',
532 silly addNameRange     '0.6.7',
532 silly addNameRange     '0.6.8',
532 silly addNameRange     '0.7.0',
532 silly addNameRange     '0.8.0',
532 silly addNameRange     '0.8.1',
532 silly addNameRange     '0.8.2',
532 silly addNameRange     '0.9.0',
532 silly addNameRange     '0.9.1',
532 silly addNameRange     '0.9.2',
532 silly addNameRange     '0.9.3',
532 silly addNameRange     '0.10.0',
532 silly addNameRange     '0.10.1',
532 silly addNameRange     '0.10.2',
532 silly addNameRange     '0.11.0',
532 silly addNameRange     '0.11.1',
532 silly addNameRange     '0.11.2',
532 silly addNameRange     '0.11.3',
532 silly addNameRange     '0.12.0',
532 silly addNameRange     '0.12.1',
532 silly addNameRange     '0.13.0',
532 silly addNameRange     '0.13.1',
532 silly addNameRange     '0.13.2',
532 silly addNameRange     '0.14.0',
532 silly addNameRange     '0.14.1',
532 silly addNameRange     '0.15.0',
532 silly addNameRange     '0.16.0',
532 silly addNameRange     '0.16.1',
532 silly addNameRange     '0.16.2',
532 silly addNameRange     '0.16.3',
532 silly addNameRange     '0.16.4',
532 silly addNameRange     '0.16.5',
532 silly addNameRange     '0.16.6',
532 silly addNameRange     '0.16.7',
532 silly addNameRange     '0.16.8',
532 silly addNameRange     '0.16.9',
532 silly addNameRange     '0.16.10',
532 silly addNameRange     '0.16.11',
532 silly addNameRange     '0.17.0',
532 silly addNameRange     '0.17.1',
532 silly addNameRange     '0.18.0',
532 silly addNameRange     '0.18.1',
532 silly addNameRange     '0.18.2',
532 silly addNameRange     '0.18.3',
532 silly addNameRange     '0.18.4',
532 silly addNameRange     '0.18.5',
532 silly addNameRange     '0.18.6',
532 silly addNameRange     '0.18.7',
532 silly addNameRange     '0.18.8',
532 silly addNameRange     '0.18.9',
532 silly addNameRange     '0.18.10',
532 silly addNameRange     '0.18.11' ] ]
533 silly addNamed systemjs@0.16.11
534 verbose addNamed "0.16.11" is a plain semver version for systemjs
535 silly addNameTag next cb for gulp with tag latest
536 silly addNamed gulp@3.9.0
537 verbose addNamed "3.9.0" is a plain semver version for gulp
538 silly addNameTag next cb for gulp-livereload with tag latest
539 silly addNamed gulp-livereload@3.8.0
540 verbose addNamed "3.8.0" is a plain semver version for gulp-livereload
541 http 304 https://registry.npmjs.org/store.js
542 silly get cb [ 304,
542 silly get   { date: 'Wed, 19 Aug 2015 03:23:54 GMT',
542 silly get     via: '1.1 varnish',
542 silly get     'cache-control': 'max-age=60',
542 silly get     etag: '"6SMIP5QFSUVWJG89AGIQFL28R"',
542 silly get     age: '39',
542 silly get     connection: 'keep-alive',
542 silly get     'x-served-by': 'cache-itm7427-ITM',
542 silly get     'x-cache': 'HIT',
542 silly get     'x-cache-hits': '1',
542 silly get     'x-timer': 'S1439954634.863627,VS0,VE0',
542 silly get     vary: 'Accept' } ]
543 verbose etag https://registry.npmjs.org/store.js from cache
544 verbose get saving store.js to C:\Users\Administrator\AppData\Roaming\npm-cache\registry.npmjs.org\store.js\.cache.json
545 silly addNameTag next cb for gulp-open with tag latest
546 silly addNamed gulp-open@1.0.0
547 verbose addNamed "1.0.0" is a plain semver version for gulp-open
548 silly addNameTag next cb for gulp-concat with tag latest
549 silly addNamed gulp-concat@2.6.0
550 verbose addNamed "2.6.0" is a plain semver version for gulp-concat
551 silly cache afterAdd express@4.13.3
552 verbose afterAdd C:\Users\Administrator\AppData\Roaming\npm-cache\express\4.13.3\package\package.json not in flight; writing
553 silly cache afterAdd systemjs@0.16.11
554 verbose afterAdd C:\Users\Administrator\AppData\Roaming\npm-cache\systemjs\0.16.11\package\package.json not in flight; writing
555 silly addNameTag next cb for gulp-jshint with tag latest
556 silly addNamed gulp-jshint@1.11.2
557 verbose addNamed "1.11.2" is a plain semver version for gulp-jshint
558 silly addNameTag next cb for morgan with tag latest
559 silly addNamed morgan@1.6.1
560 verbose addNamed "1.6.1" is a plain semver version for morgan
561 silly addNameTag next cb for gulp-rename with tag latest
562 silly addNamed gulp-rename@1.2.2
563 verbose addNamed "1.2.2" is a plain semver version for gulp-rename
564 http 304 https://registry.npmjs.org/body-parser
565 silly get cb [ 304,
565 silly get   { date: 'Wed, 19 Aug 2015 03:23:54 GMT',
565 silly get     via: '1.1 varnish',
565 silly get     'cache-control': 'max-age=60',
565 silly get     etag: '"CD3SUFXCMHKLDXKWCQRCN5F38"',
565 silly get     age: '54',
565 silly get     connection: 'keep-alive',
565 silly get     'x-served-by': 'cache-itm7427-ITM',
565 silly get     'x-cache': 'HIT',
565 silly get     'x-cache-hits': '2',
565 silly get     'x-timer': 'S1439954634.871728,VS0,VE0',
565 silly get     vary: 'Accept' } ]
566 verbose etag https://registry.npmjs.org/body-parser from cache
567 verbose get saving body-parser to C:\Users\Administrator\AppData\Roaming\npm-cache\registry.npmjs.org\body-parser\.cache.json
568 silly cache afterAdd gulp@3.9.0
569 verbose afterAdd C:\Users\Administrator\AppData\Roaming\npm-cache\gulp\3.9.0\package\package.json not in flight; writing
570 silly cache afterAdd gulp-livereload@3.8.0
571 verbose afterAdd C:\Users\Administrator\AppData\Roaming\npm-cache\gulp-livereload\3.8.0\package\package.json not in flight; writing
572 silly addNameTag next cb for gulp-handlebars with tag latest
573 silly addNamed gulp-handlebars@4.0.0
574 verbose addNamed "4.0.0" is a plain semver version for gulp-handlebars
575 silly cache afterAdd gulp-open@1.0.0
576 verbose afterAdd C:\Users\Administrator\AppData\Roaming\npm-cache\gulp-open\1.0.0\package\package.json not in flight; writing
577 silly cache afterAdd gulp-concat@2.6.0
578 verbose afterAdd C:\Users\Administrator\AppData\Roaming\npm-cache\gulp-concat\2.6.0\package\package.json not in flight; writing
579 http 304 https://registry.npmjs.org/errorhandler
580 silly get cb [ 304,
580 silly get   { date: 'Wed, 19 Aug 2015 03:23:54 GMT',
580 silly get     via: '1.1 varnish',
580 silly get     'cache-control': 'max-age=60',
580 silly get     etag: '"2P3OPF6BBTXOFF020XJL0C64M"',
580 silly get     age: '54',
580 silly get     connection: 'keep-alive',
580 silly get     'x-served-by': 'cache-itm7420-ITM',
580 silly get     'x-cache': 'HIT',
580 silly get     'x-cache-hits': '1',
580 silly get     'x-timer': 'S1439954634.868634,VS0,VE0',
580 silly get     vary: 'Accept' } ]
581 verbose etag https://registry.npmjs.org/errorhandler from cache
582 verbose get saving errorhandler to C:\Users\Administrator\AppData\Roaming\npm-cache\registry.npmjs.org\errorhandler\.cache.json
583 verbose afterAdd C:\Users\Administrator\AppData\Roaming\npm-cache\express\4.13.3\package\package.json written
584 info already installed express@4.13.3
585 silly addNameRange number 2 { name: 'store.js', range: '>=1.0.4 <2.0.0', hasData: true }
586 silly addNameRange versions [ 'store.js',
586 silly addNameRange   [ '0.1.0', '1.0.0', '1.0.1', '1.0.2', '1.1.0', '1.0.3', '1.0.4' ] ]
587 silly addNamed store.js@1.0.4
588 verbose addNamed "1.0.4" is a plain semver version for store.js
589 silly cache afterAdd gulp-jshint@1.11.2
590 verbose afterAdd C:\Users\Administrator\AppData\Roaming\npm-cache\gulp-jshint\1.11.2\package\package.json not in flight; writing
591 verbose afterAdd C:\Users\Administrator\AppData\Roaming\npm-cache\systemjs\0.16.11\package\package.json written
592 verbose afterAdd C:\Users\Administrator\AppData\Roaming\npm-cache\gulp\3.9.0\package\package.json written
593 info already installed gulp@3.9.0
594 silly cache afterAdd morgan@1.6.1
595 verbose afterAdd C:\Users\Administrator\AppData\Roaming\npm-cache\morgan\1.6.1\package\package.json not in flight; writing
596 silly cache afterAdd gulp-rename@1.2.2
597 verbose afterAdd C:\Users\Administrator\AppData\Roaming\npm-cache\gulp-rename\1.2.2\package\package.json not in flight; writing
598 verbose afterAdd C:\Users\Administrator\AppData\Roaming\npm-cache\gulp-livereload\3.8.0\package\package.json written
599 info already installed gulp-livereload@3.8.0
600 silly cache afterAdd gulp-handlebars@4.0.0
601 verbose afterAdd C:\Users\Administrator\AppData\Roaming\npm-cache\gulp-handlebars\4.0.0\package\package.json not in flight; writing
602 http 304 https://registry.npmjs.org/gulp-uglify
603 silly get cb [ 304,
603 silly get   { date: 'Wed, 19 Aug 2015 03:23:54 GMT',
603 silly get     via: '1.1 varnish',
603 silly get     'cache-control': 'max-age=60',
603 silly get     etag: '"C99MKLI5CBWJFYIMSXQDIOFEI"',
603 silly get     age: '2',
603 silly get     connection: 'keep-alive',
603 silly get     'x-served-by': 'cache-itm7427-ITM',
603 silly get     'x-cache': 'HIT',
603 silly get     'x-cache-hits': '1',
603 silly get     'x-timer': 'S1439954634.875639,VS0,VE0',
603 silly get     vary: 'Accept' } ]
604 verbose etag https://registry.npmjs.org/gulp-uglify from cache
605 verbose get saving gulp-uglify to C:\Users\Administrator\AppData\Roaming\npm-cache\registry.npmjs.org\gulp-uglify\.cache.json
606 verbose afterAdd C:\Users\Administrator\AppData\Roaming\npm-cache\gulp-concat\2.6.0\package\package.json written
607 info already installed gulp-concat@2.6.0
608 verbose afterAdd C:\Users\Administrator\AppData\Roaming\npm-cache\gulp-open\1.0.0\package\package.json written
609 info already installed gulp-open@1.0.0
610 silly addNameTag next cb for body-parser with tag latest
611 silly addNamed body-parser@1.13.3
612 verbose addNamed "1.13.3" is a plain semver version for body-parser
613 silly cache afterAdd store.js@1.0.4
614 verbose afterAdd C:\Users\Administrator\AppData\Roaming\npm-cache\store.js\1.0.4\package\package.json not in flight; writing
615 verbose afterAdd C:\Users\Administrator\AppData\Roaming\npm-cache\morgan\1.6.1\package\package.json written
616 info already installed morgan@1.6.1
617 verbose afterAdd C:\Users\Administrator\AppData\Roaming\npm-cache\gulp-rename\1.2.2\package\package.json written
618 info already installed gulp-rename@1.2.2
619 verbose afterAdd C:\Users\Administrator\AppData\Roaming\npm-cache\gulp-handlebars\4.0.0\package\package.json written
620 info already installed gulp-handlebars@4.0.0
621 silly addNameTag next cb for errorhandler with tag latest
622 silly addNamed errorhandler@1.4.2
623 verbose addNamed "1.4.2" is a plain semver version for errorhandler
624 verbose afterAdd C:\Users\Administrator\AppData\Roaming\npm-cache\gulp-jshint\1.11.2\package\package.json written
625 info already installed gulp-jshint@1.11.2
626 silly cache afterAdd body-parser@1.13.3
627 verbose afterAdd C:\Users\Administrator\AppData\Roaming\npm-cache\body-parser\1.13.3\package\package.json not in flight; writing
628 http 304 https://registry.npmjs.org/gulp-footer
629 silly get cb [ 304,
629 silly get   { date: 'Wed, 19 Aug 2015 03:23:54 GMT',
629 silly get     via: '1.1 varnish',
629 silly get     'cache-control': 'max-age=60',
629 silly get     etag: '"25RC48LWSC9P7G8TX5108XEKE"',
629 silly get     age: '39',
629 silly get     connection: 'keep-alive',
629 silly get     'x-served-by': 'cache-itm7426-ITM',
629 silly get     'x-cache': 'HIT',
629 silly get     'x-cache-hits': '1',
629 silly get     'x-timer': 'S1439954634.884697,VS0,VE0',
629 silly get     vary: 'Accept' } ]
630 verbose etag https://registry.npmjs.org/gulp-footer from cache
631 verbose get saving gulp-footer to C:\Users\Administrator\AppData\Roaming\npm-cache\registry.npmjs.org\gulp-footer\.cache.json
632 verbose afterAdd C:\Users\Administrator\AppData\Roaming\npm-cache\store.js\1.0.4\package\package.json written
633 http 304 https://registry.npmjs.org/gulp-copy
634 silly get cb [ 304,
634 silly get   { date: 'Wed, 19 Aug 2015 03:23:54 GMT',
634 silly get     via: '1.1 varnish',
634 silly get     'cache-control': 'max-age=60',
634 silly get     etag: '"ESXQT9LX20N4IKI3PGLJW3AZY"',
634 silly get     age: '40',
634 silly get     connection: 'keep-alive',
634 silly get     'x-served-by': 'cache-itm7424-ITM',
634 silly get     'x-cache': 'HIT',
634 silly get     'x-cache-hits': '1',
634 silly get     'x-timer': 'S1439954634.884180,VS0,VE0',
634 silly get     vary: 'Accept' } ]
635 verbose etag https://registry.npmjs.org/gulp-copy from cache
636 verbose get saving gulp-copy to C:\Users\Administrator\AppData\Roaming\npm-cache\registry.npmjs.org\gulp-copy\.cache.json
637 silly cache afterAdd errorhandler@1.4.2
638 verbose afterAdd C:\Users\Administrator\AppData\Roaming\npm-cache\errorhandler\1.4.2\package\package.json not in flight; writing
639 http 304 https://registry.npmjs.org/gulp-less
640 silly get cb [ 304,
640 silly get   { date: 'Wed, 19 Aug 2015 03:23:54 GMT',
640 silly get     via: '1.1 varnish',
640 silly get     'cache-control': 'max-age=60',
640 silly get     etag: '"2M7GHIU2UJYX1PRRWDV04QDH7"',
640 silly get     age: '39',
640 silly get     connection: 'keep-alive',
640 silly get     'x-served-by': 'cache-itm7425-ITM',
640 silly get     'x-cache': 'HIT',
640 silly get     'x-cache-hits': '2',
640 silly get     'x-timer': 'S1439954634.890677,VS0,VE0',
640 silly get     vary: 'Accept' } ]
641 verbose etag https://registry.npmjs.org/gulp-less from cache
642 verbose get saving gulp-less to C:\Users\Administrator\AppData\Roaming\npm-cache\registry.npmjs.org\gulp-less\.cache.json
643 verbose afterAdd C:\Users\Administrator\AppData\Roaming\npm-cache\body-parser\1.13.3\package\package.json written
644 info already installed body-parser@1.13.3
645 silly addNameTag next cb for gulp-uglify with tag latest
646 silly addNamed gulp-uglify@1.2.0
647 verbose addNamed "1.2.0" is a plain semver version for gulp-uglify
648 http 304 https://registry.npmjs.org/cookie-parser
649 silly get cb [ 304,
649 silly get   { date: 'Wed, 19 Aug 2015 03:23:54 GMT',
649 silly get     via: '1.1 varnish',
649 silly get     'cache-control': 'max-age=60',
649 silly get     etag: '"2USUFB3Q5L45U4PYFXDNGAZBC"',
649 silly get     age: '54',
649 silly get     connection: 'keep-alive',
649 silly get     'x-served-by': 'cache-itm7422-ITM',
649 silly get     'x-cache': 'HIT',
649 silly get     'x-cache-hits': '2',
649 silly get     'x-timer': 'S1439954634.881993,VS0,VE0',
649 silly get     vary: 'Accept' } ]
650 verbose etag https://registry.npmjs.org/cookie-parser from cache
651 verbose get saving cookie-parser to C:\Users\Administrator\AppData\Roaming\npm-cache\registry.npmjs.org\cookie-parser\.cache.json
652 silly addNameTag next cb for gulp-footer with tag latest
653 silly addNamed gulp-footer@1.0.5
654 verbose addNamed "1.0.5" is a plain semver version for gulp-footer
655 verbose afterAdd C:\Users\Administrator\AppData\Roaming\npm-cache\errorhandler\1.4.2\package\package.json written
656 info already installed errorhandler@1.4.2
657 silly cache afterAdd gulp-uglify@1.2.0
658 verbose afterAdd C:\Users\Administrator\AppData\Roaming\npm-cache\gulp-uglify\1.2.0\package\package.json not in flight; writing
659 silly cache afterAdd gulp-footer@1.0.5
660 verbose afterAdd C:\Users\Administrator\AppData\Roaming\npm-cache\gulp-footer\1.0.5\package\package.json not in flight; writing
661 silly addNameTag next cb for gulp-less with tag latest
662 silly addNamed gulp-less@3.0.3
663 verbose addNamed "3.0.3" is a plain semver version for gulp-less
664 silly addNameTag next cb for gulp-copy with tag latest
665 silly addNamed gulp-copy@0.0.2
666 verbose addNamed "0.0.2" is a plain semver version for gulp-copy
667 silly cache afterAdd gulp-less@3.0.3
668 verbose afterAdd C:\Users\Administrator\AppData\Roaming\npm-cache\gulp-less\3.0.3\package\package.json not in flight; writing
669 verbose afterAdd C:\Users\Administrator\AppData\Roaming\npm-cache\gulp-uglify\1.2.0\package\package.json written
670 info already installed gulp-uglify@1.2.0
671 silly cache afterAdd gulp-copy@0.0.2
672 verbose afterAdd C:\Users\Administrator\AppData\Roaming\npm-cache\gulp-copy\0.0.2\package\package.json not in flight; writing
673 silly addNameTag next cb for cookie-parser with tag latest
674 silly addNamed cookie-parser@1.3.5
675 verbose addNamed "1.3.5" is a plain semver version for cookie-parser
676 verbose afterAdd C:\Users\Administrator\AppData\Roaming\npm-cache\gulp-footer\1.0.5\package\package.json written
677 info already installed gulp-footer@1.0.5
678 silly cache afterAdd cookie-parser@1.3.5
679 verbose afterAdd C:\Users\Administrator\AppData\Roaming\npm-cache\cookie-parser\1.3.5\package\package.json not in flight; writing
680 verbose afterAdd C:\Users\Administrator\AppData\Roaming\npm-cache\gulp-less\3.0.3\package\package.json written
681 info already installed gulp-less@3.0.3
682 verbose afterAdd C:\Users\Administrator\AppData\Roaming\npm-cache\gulp-copy\0.0.2\package\package.json written
683 info already installed gulp-copy@0.0.2
684 verbose afterAdd C:\Users\Administrator\AppData\Roaming\npm-cache\cookie-parser\1.3.5\package\package.json written
685 info already installed cookie-parser@1.3.5
686 http 304 https://registry.npmjs.org/async
687 silly get cb [ 304,
687 silly get   { date: 'Wed, 19 Aug 2015 03:23:54 GMT',
687 silly get     via: '1.1 varnish',
687 silly get     'cache-control': 'max-age=60',
687 silly get     etag: '"2OU576Q8TECE6W561J9M2OF3B"',
687 silly get     age: '57',
687 silly get     connection: 'keep-alive',
687 silly get     'x-served-by': 'cache-itm7427-ITM',
687 silly get     'x-cache': 'HIT',
687 silly get     'x-cache-hits': '1',
687 silly get     'x-timer': 'S1439954634.905694,VS0,VE0',
687 silly get     vary: 'Accept' } ]
688 verbose etag https://registry.npmjs.org/async from cache
689 verbose get saving async to C:\Users\Administrator\AppData\Roaming\npm-cache\registry.npmjs.org\async\.cache.json
690 silly addNameTag next cb for async with tag latest
691 silly addNamed async@1.4.2
692 verbose addNamed "1.4.2" is a plain semver version for async
693 silly cache afterAdd async@1.4.2
694 verbose afterAdd C:\Users\Administrator\AppData\Roaming\npm-cache\async\1.4.2\package\package.json not in flight; writing
695 verbose afterAdd C:\Users\Administrator\AppData\Roaming\npm-cache\async\1.4.2\package\package.json written
696 info already installed async@1.4.2
697 http 304 https://registry.npmjs.org/serve-favicon
698 silly get cb [ 304,
698 silly get   { date: 'Wed, 19 Aug 2015 03:23:54 GMT',
698 silly get     via: '1.1 varnish',
698 silly get     'cache-control': 'max-age=60',
698 silly get     etag: '"25B4APJK71DP5RHJ9E4IZ3KS4"',
698 silly get     age: '54',
698 silly get     connection: 'keep-alive',
698 silly get     'x-served-by': 'cache-itm7422-ITM',
698 silly get     'x-cache': 'HIT',
698 silly get     'x-cache-hits': '3',
698 silly get     'x-timer': 'S1439954634.918301,VS0,VE0',
698 silly get     vary: 'Accept' } ]
699 verbose etag https://registry.npmjs.org/serve-favicon from cache
700 verbose get saving serve-favicon to C:\Users\Administrator\AppData\Roaming\npm-cache\registry.npmjs.org\serve-favicon\.cache.json
701 http 304 https://registry.npmjs.org/markdown
702 silly get cb [ 304,
702 silly get   { date: 'Wed, 19 Aug 2015 03:23:54 GMT',
702 silly get     via: '1.1 varnish',
702 silly get     'cache-control': 'max-age=60',
702 silly get     etag: '"6G648DG9MXP5LVJ26FLTSGDVH"',
702 silly get     age: '58',
702 silly get     connection: 'keep-alive',
702 silly get     'x-served-by': 'cache-itm7426-ITM',
702 silly get     'x-cache': 'HIT',
702 silly get     'x-cache-hits': '1',
702 silly get     'x-timer': 'S1439954634.916501,VS0,VE0',
702 silly get     vary: 'Accept' } ]
703 verbose etag https://registry.npmjs.org/markdown from cache
704 verbose get saving markdown to C:\Users\Administrator\AppData\Roaming\npm-cache\registry.npmjs.org\markdown\.cache.json
705 silly addNameTag next cb for markdown with tag latest
706 silly addNamed markdown@0.5.0
707 verbose addNamed "0.5.0" is a plain semver version for markdown
708 silly addNameTag next cb for serve-favicon with tag latest
709 silly addNamed serve-favicon@2.3.0
710 verbose addNamed "2.3.0" is a plain semver version for serve-favicon
711 silly cache afterAdd serve-favicon@2.3.0
712 verbose afterAdd C:\Users\Administrator\AppData\Roaming\npm-cache\serve-favicon\2.3.0\package\package.json not in flight; writing
713 silly cache afterAdd markdown@0.5.0
714 verbose afterAdd C:\Users\Administrator\AppData\Roaming\npm-cache\markdown\0.5.0\package\package.json not in flight; writing
715 verbose afterAdd C:\Users\Administrator\AppData\Roaming\npm-cache\markdown\0.5.0\package\package.json written
716 info already installed markdown@0.5.0
717 verbose afterAdd C:\Users\Administrator\AppData\Roaming\npm-cache\serve-favicon\2.3.0\package\package.json written
718 info already installed serve-favicon@2.3.0
719 http 304 https://registry.npmjs.org/gulp-nodemon
720 silly get cb [ 304,
720 silly get   { date: 'Wed, 19 Aug 2015 03:23:54 GMT',
720 silly get     via: '1.1 varnish',
720 silly get     'cache-control': 'max-age=60',
720 silly get     etag: '"8XKVC7LB0T8Z8LM9BC9I7VBHU"',
720 silly get     age: '39',
720 silly get     connection: 'keep-alive',
720 silly get     'x-served-by': 'cache-itm7424-ITM',
720 silly get     'x-cache': 'HIT',
720 silly get     'x-cache-hits': '1',
720 silly get     'x-timer': 'S1439954634.930314,VS0,VE0',
720 silly get     vary: 'Accept' } ]
721 verbose etag https://registry.npmjs.org/gulp-nodemon from cache
722 verbose get saving gulp-nodemon to C:\Users\Administrator\AppData\Roaming\npm-cache\registry.npmjs.org\gulp-nodemon\.cache.json
723 http 304 https://registry.npmjs.org/jade
724 silly get cb [ 304,
724 silly get   { date: 'Wed, 19 Aug 2015 03:23:54 GMT',
724 silly get     via: '1.1 varnish',
724 silly get     'cache-control': 'max-age=60',
724 silly get     etag: '"BPV74BB9P72Z3MOMIT564BY7M"',
724 silly get     age: '39',
724 silly get     connection: 'keep-alive',
724 silly get     'x-served-by': 'cache-itm7426-ITM',
724 silly get     'x-cache': 'HIT',
724 silly get     'x-cache-hits': '1',
724 silly get     'x-timer': 'S1439954634.932623,VS0,VE0',
724 silly get     vary: 'Accept' } ]
725 verbose etag https://registry.npmjs.org/jade from cache
726 verbose get saving jade to C:\Users\Administrator\AppData\Roaming\npm-cache\registry.npmjs.org\jade\.cache.json
727 silly addNameTag next cb for gulp-nodemon with tag latest
728 silly addNamed gulp-nodemon@2.0.3
729 verbose addNamed "2.0.3" is a plain semver version for gulp-nodemon
730 silly cache afterAdd gulp-nodemon@2.0.3
731 verbose afterAdd C:\Users\Administrator\AppData\Roaming\npm-cache\gulp-nodemon\2.0.3\package\package.json not in flight; writing
732 silly addNameTag next cb for jade with tag latest
733 silly addNamed jade@1.11.0
734 verbose addNamed "1.11.0" is a plain semver version for jade
735 verbose afterAdd C:\Users\Administrator\AppData\Roaming\npm-cache\gulp-nodemon\2.0.3\package\package.json written
736 info already installed gulp-nodemon@2.0.3
737 silly cache afterAdd jade@1.11.0
738 verbose afterAdd C:\Users\Administrator\AppData\Roaming\npm-cache\jade\1.11.0\package\package.json not in flight; writing
739 verbose afterAdd C:\Users\Administrator\AppData\Roaming\npm-cache\jade\1.11.0\package\package.json written
740 info already installed jade@1.11.0
741 http 304 https://registry.npmjs.org/mongoose
742 silly get cb [ 304,
742 silly get   { date: 'Wed, 19 Aug 2015 03:23:54 GMT',
742 silly get     via: '1.1 varnish',
742 silly get     'cache-control': 'max-age=60',
742 silly get     etag: '"57OQ7B5XD1IXTNMTZE906BUZN"',
742 silly get     age: '0',
742 silly get     connection: 'keep-alive',
742 silly get     'x-served-by': 'cache-itm7421-ITM',
742 silly get     'x-cache': 'HIT',
742 silly get     'x-cache-hits': '1',
742 silly get     'x-timer': 'S1439954634.866088,VS0,VE186',
742 silly get     vary: 'Accept' } ]
743 verbose etag https://registry.npmjs.org/mongoose from cache
744 verbose get saving mongoose to C:\Users\Administrator\AppData\Roaming\npm-cache\registry.npmjs.org\mongoose\.cache.json
745 http 304 https://registry.npmjs.org/gulp-header
746 silly get cb [ 304,
746 silly get   { date: 'Wed, 19 Aug 2015 03:23:54 GMT',
746 silly get     via: '1.1 varnish',
746 silly get     'cache-control': 'max-age=60',
746 silly get     etag: '"AKBMINKET2EIEDI1MI2I9M4W0"',
746 silly get     age: '0',
746 silly get     connection: 'keep-alive',
746 silly get     'x-served-by': 'cache-itm7425-ITM',
746 silly get     'x-cache': 'HIT',
746 silly get     'x-cache-hits': '1',
746 silly get     'x-timer': 'S1439954634.884848,VS0,VE182',
746 silly get     vary: 'Accept' } ]
747 verbose etag https://registry.npmjs.org/gulp-header from cache
748 verbose get saving gulp-header to C:\Users\Administrator\AppData\Roaming\npm-cache\registry.npmjs.org\gulp-header\.cache.json
749 silly addNameTag next cb for mongoose with tag latest
750 silly addNamed mongoose@4.1.3
751 verbose addNamed "4.1.3" is a plain semver version for mongoose
752 silly cache afterAdd mongoose@4.1.3
753 verbose afterAdd C:\Users\Administrator\AppData\Roaming\npm-cache\mongoose\4.1.3\package\package.json not in flight; writing
754 verbose afterAdd C:\Users\Administrator\AppData\Roaming\npm-cache\mongoose\4.1.3\package\package.json written
755 info already installed mongoose@4.1.3
756 silly addNameTag next cb for gulp-header with tag latest
757 silly addNamed gulp-header@1.2.2
758 verbose addNamed "1.2.2" is a plain semver version for gulp-header
759 silly cache afterAdd gulp-header@1.2.2
760 verbose afterAdd C:\Users\Administrator\AppData\Roaming\npm-cache\gulp-header\1.2.2\package\package.json not in flight; writing
761 verbose afterAdd C:\Users\Administrator\AppData\Roaming\npm-cache\gulp-header\1.2.2\package\package.json written
762 info already installed gulp-header@1.2.2
763 verbose stack Error: not found: git
763 verbose stack     at F (D:\program files\node\node_modules\npm\node_modules\which\which.js:72:28)
763 verbose stack     at E (D:\program files\node\node_modules\npm\node_modules\which\which.js:75:29)
763 verbose stack     at D:\program files\node\node_modules\npm\node_modules\which\which.js:83:16
763 verbose stack     at FSReqWrap.oncomplete (fs.js:95:15)
764 verbose cwd E:\demo\Mihawk
765 error Windows_NT 6.1.7601
766 error argv "D:\\program files\\node\\\\node.exe" "D:\\program files\\node\\node_modules\\npm\\bin\\npm-cli.js" "install"
767 error node v0.12.4
768 error npm  v2.10.1
769 error code ENOGIT
770 error not found: git
771 error Failed using git.
771 error This is most likely not a problem with npm itself.
771 error Please check if you have git installed and in your PATH.
772 verbose exit [ 1, true ]
